<?xml version="1.0" encoding="UTF-8"?>
<!-- Generated by org.testng.reporters.JUnitReportReporter -->
<testsuite hostname="SeenaReddy" failures="0" tests="1" name="com.testscenarios.TTD_DropdownValues" time="15.504" errors="0" timestamp="2023-03-02T19:48:37 CST" skipped="0">
  <testcase classname="com.testscenarios.TTD_DropdownValues" name="f" time="15.504"/>
  <system-out/>
</testsuite> <!-- com.testscenarios.TTD_DropdownValues -->
