<?xml version="1.0" encoding="UTF-8"?>
<!-- Generated by org.testng.reporters.JUnitReportReporter -->
<testsuite hostname="SeenaReddy" failures="0" tests="1" name="com.testscenarios.Assignment" time="8.257" errors="0" timestamp="2023-02-28T20:30:28 CST" skipped="0">
  <testcase classname="com.testscenarios.Assignment" name="f" time="8.257"/>
  <system-out/>
</testsuite> <!-- com.testscenarios.Assignment -->
