<?xml version="1.0" encoding="UTF-8"?>
<!-- Generated by org.testng.reporters.JUnitReportReporter -->
<testsuite hostname="SeenaReddy" failures="0" tests="1" name="com.testscenarios.JRIsignin" time="30.227" errors="0" timestamp="2023-03-01T20:18:35 CST" skipped="0">
  <testcase classname="com.testscenarios.JRIsignin" name="f" time="30.227"/>
  <system-out/>
</testsuite> <!-- com.testscenarios.JRIsignin -->
