<?xml version="1.0" encoding="UTF-8"?>
<!-- Generated by org.testng.reporters.JUnitReportReporter -->
<testsuite hostname="SeenaReddy" failures="0" tests="1" name="com.testscenarios.WaitsInSelenium" time="2.566" errors="0" timestamp="2023-03-02T20:20:41 CST" skipped="0">
  <testcase classname="com.testscenarios.WaitsInSelenium" name="f" time="2.566"/>
  <system-out/>
</testsuite> <!-- com.testscenarios.WaitsInSelenium -->
