<?xml version="1.0" encoding="UTF-8"?>
<!-- Generated by org.testng.reporters.JUnitReportReporter -->
<testsuite hostname="SeenaReddy" failures="0" tests="1" name="com.testscenarios.FBlogin" time="3.543" errors="0" timestamp="2023-02-22T20:12:28 CST" skipped="0">
  <testcase classname="com.testscenarios.FBlogin" name="f" time="3.543"/>
  <system-out/>
</testsuite> <!-- com.testscenarios.FBlogin -->
